This is pdfTeX, Version 3.14159265-2.6-1.40.17 (TeX Live 2016) (preloaded format=pdflatex 2016.5.22)  6 JUN 2019 17:59
entering extended mode
 restricted \write18 enabled.
 %&-line parsing enabled.
**fig1c.tex
(./fig1c.tex
LaTeX2e <2016/03/31>
Babel <3.9r> and hyphenation patterns for 83 language(s) loaded.
! Undefined control sequence.
l.1 \usetikzlibrary
                   {arrows.meta}
The control sequence at the end of the top line
of your error message was never \def'ed. If you have
misspelled it (e.g., `\hobx'), type `I' and the correct
spelling (e.g., `I\hbox'). Otherwise just continue,
and I'll forget about whatever was undefined.


! LaTeX Error: Missing \begin{document}.

See the LaTeX manual or LaTeX Companion for explanation.
Type  H <return>  for immediate help.
 ...                                              
                                                  
l.1 \usetikzlibrary{a
                     rrows.meta}
You're in trouble here.  Try typing  <return>  to proceed.
If that doesn't work, type  X <return>  to quit.

Missing character: There is no a in font nullfont!
Missing character: There is no r in font nullfont!
Missing character: There is no r in font nullfont!
Missing character: There is no o in font nullfont!
Missing character: There is no w in font nullfont!
Missing character: There is no s in font nullfont!
Missing character: There is no . in font nullfont!
Missing character: There is no m in font nullfont!
Missing character: There is no e in font nullfont!
Missing character: There is no t in font nullfont!
Missing character: There is no a in font nullfont!

Overfull \hbox (20.0pt too wide) in paragraph at lines 1--2
[] 
 []


! LaTeX Error: \large undefined.

See the LaTeX manual or LaTeX Companion for explanation.
Type  H <return>  for immediate help.
 ...                                              
                                                  
l.3 \renewcommand{\large}
                         {\fontsize{29.86}{37}\selectfont}
Try typing  <return>  to proceed.
If that doesn't work, type  X <return>  to quit.


! LaTeX Error: \Large undefined.

See the LaTeX manual or LaTeX Companion for explanation.
Type  H <return>  for immediate help.
 ...                                              
                                                  
l.4 \renewcommand{\Large}
                         {\fontsize{35.83}{45}\selectfont}
Try typing  <return>  to proceed.
If that doesn't work, type  X <return>  to quit.


! LaTeX Error: \LARGE undefined.

See the LaTeX manual or LaTeX Companion for explanation.
Type  H <return>  for immediate help.
 ...                                              
                                                  
l.5 \renewcommand{\LARGE}
                         {\fontsize{43}{54}\selectfont}
Try typing  <return>  to proceed.
If that doesn't work, type  X <return>  to quit.


! LaTeX Error: \veryLarge undefined.

See the LaTeX manual or LaTeX Companion for explanation.
Type  H <return>  for immediate help.
 ...                                              
                                                  
l.6 \renewcommand{\veryLarge}
                             {\fontsize{47.7}{60}\selectfont}
Try typing  <return>  to proceed.
If that doesn't work, type  X <return>  to quit.


! LaTeX Error: \huge undefined.

See the LaTeX manual or LaTeX Companion for explanation.
Type  H <return>  for immediate help.
 ...                                              
                                                  
l.7 \renewcommand{\huge}
                        {\fontsize{51.6}{64}\selectfont}
Try typing  <return>  to proceed.
If that doesn't work, type  X <return>  to quit.


! LaTeX Error: \Huge undefined.

See the LaTeX manual or LaTeX Companion for explanation.
Type  H <return>  for immediate help.
 ...                                              
                                                  
l.8 \renewcommand{\Huge}
                        {\fontsize{55.7}{69.3}\selectfont}
Try typing  <return>  to proceed.
If that doesn't work, type  X <return>  to quit.


! LaTeX Error: \HUGE undefined.

See the LaTeX manual or LaTeX Companion for explanation.
Type  H <return>  for immediate help.
 ...                                              
                                                  
l.9 \renewcommand{\HUGE}
                        {\fontsize{74.3}{93}\selectfont}
Try typing  <return>  to proceed.
If that doesn't work, type  X <return>  to quit.


LaTeX Font Warning: Font shape `OT1/cmr/m/n' in size <74.3> not available
(Font)              size <24.88> substituted on input line 16.


! LaTeX Error: Environment tikzpicture undefined.

See the LaTeX manual or LaTeX Companion for explanation.
Type  H <return>  for immediate help.
 ...                                              
                                                  
l.18 \begin{tikzpicture}
                        [scale=6, >=triangle 45, triangle/.style = {fill=whi...

Your command was ignored.
Type  I <command> <return>  to replace it with another command,
or  <return>  to continue without it.


! LaTeX Error: Missing \begin{document}.

See the LaTeX manual or LaTeX Companion for explanation.
Type  H <return>  for immediate help.
 ...                                              
                                                  
l.18 \begin{tikzpicture}[
                         scale=6, >=triangle 45, triangle/.style = {fill=whi...

You're in trouble here.  Try typing  <return>  to proceed.
If that doesn't work, type  X <return>  to quit.


Overfull \hbox (108.5257pt too wide) in paragraph at lines 18--19
[]\OT1/cmr/m/n/24.88 [scale=6,
 []


Overfull \hbox (60.01366pt too wide) in paragraph at lines 18--19
\OT1/cmr/m/n/24.88 >=tri-
 []


Overfull \hbox (31.63162pt too wide) in paragraph at lines 18--19
\OT1/cmr/m/n/24.88 an-
 []


Overfull \hbox (27.73213pt too wide) in paragraph at lines 18--19
\OT1/cmr/m/n/24.88 gle
 []


Overfull \hbox (29.03195pt too wide) in paragraph at lines 18--19
\OT1/cmr/m/n/24.88 45,
 []


Overfull \hbox (31.3436pt too wide) in paragraph at lines 18--19
\OT1/cmr/m/n/24.88 tri-
 []


Overfull \hbox (31.63162pt too wide) in paragraph at lines 18--19
\OT1/cmr/m/n/24.88 an-
 []


Overfull \hbox (90.83731pt too wide) in paragraph at lines 18--19
\OT1/cmr/m/n/24.88 gle/.style
 []


Overfull \hbox (17.90955pt too wide) in paragraph at lines 18--19
\OT1/cmr/m/n/24.88 =
 []


Overfull \hbox (103.41762pt too wide) in paragraph at lines 18--19
\OT1/cmr/m/n/24.88 fill=white,
 []


Overfull \hbox (37.84273pt too wide) in paragraph at lines 18--19
\OT1/cmr/m/n/24.88 reg-
 []


Overfull \hbox (20.2212pt too wide) in paragraph at lines 18--19
\OT1/cmr/m/n/24.88 u-
 []


Overfull \hbox (26.4323pt too wide) in paragraph at lines 18--19
\OT1/cmr/m/n/24.88 lar
 []


Overfull \hbox (50.553pt too wide) in paragraph at lines 18--19
\OT1/cmr/m/n/24.88 poly-
 []


Overfull \hbox (41.7422pt too wide) in paragraph at lines 18--19
\OT1/cmr/m/n/24.88 gon,
 []


Overfull \hbox (37.84273pt too wide) in paragraph at lines 18--19
\OT1/cmr/m/n/24.88 reg-
 []


Overfull \hbox (20.2212pt too wide) in paragraph at lines 18--19
\OT1/cmr/m/n/24.88 u-
 []


Overfull \hbox (26.4323pt too wide) in paragraph at lines 18--19
\OT1/cmr/m/n/24.88 lar
 []


Overfull \hbox (50.553pt too wide) in paragraph at lines 18--19
\OT1/cmr/m/n/24.88 poly-
 []


Overfull \hbox (35.53108pt too wide) in paragraph at lines 18--19
\OT1/cmr/m/n/24.88 gon
 []


Overfull \hbox (76.23346pt too wide) in paragraph at lines 18--19
\OT1/cmr/m/n/24.88 sides=3
 []


Overfull \hbox (6.21112pt too wide) in paragraph at lines 18--19
\OT1/cmr/m/n/24.88 ] 
 []


Underfull \vbox (badness 10000) has occurred while \output is active []



! LaTeX Error: The font size command \normalsize is not defined:
               there is probably something wrong with the class file.

See the LaTeX manual or LaTeX Companion for explanation.
Type  H <return>  for immediate help.
 ...                                              
                                                  
l.19 
     
Your command was ignored.
Type  I <command> <return>  to replace it with another command,
or  <return>  to continue without it.

[1{/usr/local/texlive/2016/texmf-var/fonts/map/pdftex/updmap/pdftex.map}]
! Undefined control sequence.
l.21 \node
           (w) at (1.5,0.0) {$w\! \sim\! q_0(w)$};
The control sequence at the end of the top line
of your error message was never \def'ed. If you have
misspelled it (e.g., `\hobx'), type `I' and the correct
spelling (e.g., `I\hbox'). Otherwise just continue,
and I'll forget about whatever was undefined.


! LaTeX Error: Missing \begin{document}.

See the LaTeX manual or LaTeX Companion for explanation.
Type  H <return>  for immediate help.
 ...                                              
                                                  
l.21 \node (
            w) at (1.5,0.0) {$w\! \sim\! q_0(w)$};
You're in trouble here.  Try typing  <return>  to proceed.
If that doesn't work, type  X <return>  to quit.

LaTeX Font Info:    Calculating math sizes for size <74.3> on input line 21.

LaTeX Font Warning: Font shape `OT1/cmr/m/n' in size <52.00977> not available
(Font)              size <24.88> substituted on input line 21.


LaTeX Font Warning: Font shape `OT1/cmr/m/n' in size <37.15> not available
(Font)              size <24.88> substituted on input line 21.


LaTeX Font Warning: Font shape `OML/cmm/m/it' in size <74.3> not available
(Font)              size <24.88> substituted on input line 21.


LaTeX Font Warning: Font shape `OML/cmm/m/it' in size <52.00977> not available
(Font)              size <24.88> substituted on input line 21.


LaTeX Font Warning: Font shape `OML/cmm/m/it' in size <37.15> not available
(Font)              size <24.88> substituted on input line 21.


LaTeX Font Warning: Font shape `OMS/cmsy/m/n' in size <74.3> not available
(Font)              size <24.88> substituted on input line 21.


LaTeX Font Warning: Font shape `OMS/cmsy/m/n' in size <52.00977> not available
(Font)              size <24.88> substituted on input line 21.


LaTeX Font Warning: Font shape `OMS/cmsy/m/n' in size <37.15> not available
(Font)              size <24.88> substituted on input line 21.

LaTeX Font Info:    External font `cmex10' loaded for size
(Font)              <74.3> on input line 21.
LaTeX Font Info:    External font `cmex10' loaded for size
(Font)              <52.00977> on input line 21.
LaTeX Font Info:    External font `cmex10' loaded for size
(Font)              <37.15> on input line 21.

Overfull \hbox (54.23123pt too wide) in paragraph at lines 21--22
[]\OT1/cmr/m/n/24.88 (w)
 []


Overfull \hbox (20.22118pt too wide) in paragraph at lines 21--22
\OT1/cmr/m/n/24.88 at
 []


Overfull \hbox (81.89655pt too wide) in paragraph at lines 21--22
\OT1/cmr/m/n/24.88 (1.5,0.0)
 []


Overfull \hbox (40.19951pt too wide) in paragraph at lines 21--22
\OML/cmm/m/it/24.88 w  \OMS/cmsy/m/n/24.88 ^^X
 []


Overfull \hbox (64.62833pt too wide) in paragraph at lines 21--22
\OML/cmm/m/it/24.88 q[]\OT1/cmr/m/n/24.88 (\OML/cmm/m/it/24.88 w\OT1/cmr/m/n/24
.88 )$; 
 []

! Undefined control sequence.
l.23 \node
           (nf1) at (1.5, -1.1)  {};
The control sequence at the end of the top line
of your error message was never \def'ed. If you have
misspelled it (e.g., `\hobx'), type `I' and the correct
spelling (e.g., `I\hbox'). Otherwise just continue,
and I'll forget about whatever was undefined.


! LaTeX Error: Missing \begin{document}.

See the LaTeX manual or LaTeX Companion for explanation.
Type  H <return>  for immediate help.
 ...                                              
                                                  
l.23 \node (
            nf1) at (1.5, -1.1)  {};
You're in trouble here.  Try typing  <return>  to proceed.
If that doesn't work, type  X <return>  to quit.

! Undefined control sequence.
l.24 \draw
          [draw=black,thick] (0.5, -1.2) rectangle ++(2.2,0.2);
The control sequence at the end of the top line
of your error message was never \def'ed. If you have
misspelled it (e.g., `\hobx'), type `I' and the correct
spelling (e.g., `I\hbox'). Otherwise just continue,
and I'll forget about whatever was undefined.

! Undefined control sequence.
l.25 \draw
          [thick,->] (w.south)--(nf1.north);
The control sequence at the end of the top line
of your error message was never \def'ed. If you have
misspelled it (e.g., `\hobx'), type `I' and the correct
spelling (e.g., `I\hbox'). Otherwise just continue,
and I'll forget about whatever was undefined.


Overfull \hbox (68.60323pt too wide) in paragraph at lines 23--26
[]\OT1/cmr/m/n/24.88 (nf1)
 []


Overfull \hbox (20.22118pt too wide) in paragraph at lines 23--26
\OT1/cmr/m/n/24.88 at
 []


Overfull \hbox (44.05383pt too wide) in paragraph at lines 23--26
\OT1/cmr/m/n/24.88 (1.5,
 []


Overfull \hbox (7.51096pt too wide) in paragraph at lines 23--26
\OT1/cmr/m/n/24.88 -
 []


Overfull \hbox (37.84271pt too wide) in paragraph at lines 23--26
\OT1/cmr/m/n/24.88 1.1)
 []


Overfull \hbox (6.21112pt too wide) in paragraph at lines 23--26
\OT1/cmr/m/n/24.88 ;
 []


Overfull \hbox (186.54002pt too wide) in paragraph at lines 23--26
\OT1/cmr/m/n/24.88 [draw=black,thick]
 []


Overfull \hbox (44.05383pt too wide) in paragraph at lines 23--26
\OT1/cmr/m/n/24.88 (0.5,
 []


Overfull \hbox (7.51096pt too wide) in paragraph at lines 23--26
\OT1/cmr/m/n/24.88 -
 []


Overfull \hbox (37.84271pt too wide) in paragraph at lines 23--26
\OT1/cmr/m/n/24.88 1.2)
 []


Overfull \hbox (45.35367pt too wide) in paragraph at lines 23--26
\OT1/cmr/m/n/24.88 rect-
 []


Overfull \hbox (31.63162pt too wide) in paragraph at lines 23--26
\OT1/cmr/m/n/24.88 an-
 []


Overfull \hbox (27.73213pt too wide) in paragraph at lines 23--26
\OT1/cmr/m/n/24.88 gle
 []


Overfull \hbox (123.92676pt too wide) in paragraph at lines 23--26
\OT1/cmr/m/n/24.88 ++(2.2,0.2);
 []


Overfull \hbox (69.18633pt too wide) in paragraph at lines 23--26
\OT1/cmr/m/n/24.88 [thick,-
 []


Overfull \hbox (16.97163pt too wide) in paragraph at lines 23--26
\OT1/cmr/m/n/24.88 >]
 []


Overfull \hbox (106.43521pt too wide) in paragraph at lines 23--26
\OT1/cmr/m/n/24.88 (w.south)--
 []


Overfull \hbox (115.4779pt too wide) in paragraph at lines 23--26
\OT1/cmr/m/n/24.88 (nf1.north); 
 []

! Undefined control sequence.
l.27 \node
           (nf2) at (1.5, -2.1)  {};
The control sequence at the end of the top line
of your error message was never \def'ed. If you have
misspelled it (e.g., `\hobx'), type `I' and the correct
spelling (e.g., `I\hbox'). Otherwise just continue,
and I'll forget about whatever was undefined.


! LaTeX Error: Missing \begin{document}.

See the LaTeX manual or LaTeX Companion for explanation.
Type  H <return>  for immediate help.
 ...                                              
                                                  
l.27 \node (
            nf2) at (1.5, -2.1)  {};
You're in trouble here.  Try typing  <return>  to proceed.
If that doesn't work, type  X <return>  to quit.

! Undefined control sequence.
l.28 \draw
          [draw=black,thick] (0.5, -2.2) rectangle ++(2.2,0.2);
The control sequence at the end of the top line
of your error message was never \def'ed. If you have
misspelled it (e.g., `\hobx'), type `I' and the correct
spelling (e.g., `I\hbox'). Otherwise just continue,
and I'll forget about whatever was undefined.

! Undefined control sequence.
l.29 \draw
          [thick,->] (nf1.south)--(nf2.north);
The control sequence at the end of the top line
of your error message was never \def'ed. If you have
misspelled it (e.g., `\hobx'), type `I' and the correct
spelling (e.g., `I\hbox'). Otherwise just continue,
and I'll forget about whatever was undefined.


Overfull \hbox (68.60323pt too wide) in paragraph at lines 27--30
[]\OT1/cmr/m/n/24.88 (nf2)
 []


Overfull \hbox (20.22118pt too wide) in paragraph at lines 27--30
\OT1/cmr/m/n/24.88 at
 []


Overfull \hbox (44.05383pt too wide) in paragraph at lines 27--30
\OT1/cmr/m/n/24.88 (1.5,
 []


Overfull \hbox (7.51096pt too wide) in paragraph at lines 27--30
\OT1/cmr/m/n/24.88 -
 []


Overfull \hbox (37.84271pt too wide) in paragraph at lines 27--30
\OT1/cmr/m/n/24.88 2.1)
 []


Overfull \hbox (6.21112pt too wide) in paragraph at lines 27--30
\OT1/cmr/m/n/24.88 ;
 []


Overfull \hbox (186.54002pt too wide) in paragraph at lines 27--30
\OT1/cmr/m/n/24.88 [draw=black,thick]
 []


Overfull \hbox (44.05383pt too wide) in paragraph at lines 27--30
\OT1/cmr/m/n/24.88 (0.5,
 []


Overfull \hbox (7.51096pt too wide) in paragraph at lines 27--30
\OT1/cmr/m/n/24.88 -
 []


Overfull \hbox (37.84271pt too wide) in paragraph at lines 27--30
\OT1/cmr/m/n/24.88 2.2)
 []


Overfull \hbox (45.35367pt too wide) in paragraph at lines 27--30
\OT1/cmr/m/n/24.88 rect-
 []


Overfull \hbox (31.63162pt too wide) in paragraph at lines 27--30
\OT1/cmr/m/n/24.88 an-
 []


Overfull \hbox (27.73213pt too wide) in paragraph at lines 27--30
\OT1/cmr/m/n/24.88 gle
 []


Overfull \hbox (123.92676pt too wide) in paragraph at lines 27--30
\OT1/cmr/m/n/24.88 ++(2.2,0.2);
 []


Overfull \hbox (69.18633pt too wide) in paragraph at lines 27--30
\OT1/cmr/m/n/24.88 [thick,-
 []


Overfull \hbox (16.97163pt too wide) in paragraph at lines 27--30
\OT1/cmr/m/n/24.88 >]
 []


Overfull \hbox (120.8072pt too wide) in paragraph at lines 27--30
\OT1/cmr/m/n/24.88 (nf1.south)--
 []


Overfull \hbox (115.4779pt too wide) in paragraph at lines 27--30
\OT1/cmr/m/n/24.88 (nf2.north); 
 []

! Undefined control sequence.
l.31 \node
           (nf3) at (1.5, -3.1)  {};
The control sequence at the end of the top line
of your error message was never \def'ed. If you have
misspelled it (e.g., `\hobx'), type `I' and the correct
spelling (e.g., `I\hbox'). Otherwise just continue,
and I'll forget about whatever was undefined.


! LaTeX Error: Missing \begin{document}.

See the LaTeX manual or LaTeX Companion for explanation.
Type  H <return>  for immediate help.
 ...                                              
                                                  
l.31 \node (
            nf3) at (1.5, -3.1)  {};
You're in trouble here.  Try typing  <return>  to proceed.
If that doesn't work, type  X <return>  to quit.

! Undefined control sequence.
l.32 \draw
          [draw=black,thick] (0.5, -3.2) rectangle ++(2.2,0.2);
The control sequence at the end of the top line
of your error message was never \def'ed. If you have
misspelled it (e.g., `\hobx'), type `I' and the correct
spelling (e.g., `I\hbox'). Otherwise just continue,
and I'll forget about whatever was undefined.

! Undefined control sequence.
l.33 \draw
          [thick,dotted] (nf2.south)--(nf3.north);
The control sequence at the end of the top line
of your error message was never \def'ed. If you have
misspelled it (e.g., `\hobx'), type `I' and the correct
spelling (e.g., `I\hbox'). Otherwise just continue,
and I'll forget about whatever was undefined.


Overfull \hbox (68.60323pt too wide) in paragraph at lines 31--34
[]\OT1/cmr/m/n/24.88 (nf3)
 []


Overfull \hbox (20.22118pt too wide) in paragraph at lines 31--34
\OT1/cmr/m/n/24.88 at
 []


Overfull \hbox (44.05383pt too wide) in paragraph at lines 31--34
\OT1/cmr/m/n/24.88 (1.5,
 []


Overfull \hbox (7.51096pt too wide) in paragraph at lines 31--34
\OT1/cmr/m/n/24.88 -
 []


Overfull \hbox (37.84271pt too wide) in paragraph at lines 31--34
\OT1/cmr/m/n/24.88 3.1)
 []


Overfull \hbox (6.21112pt too wide) in paragraph at lines 31--34
\OT1/cmr/m/n/24.88 ;
 []


Overfull \hbox (186.54002pt too wide) in paragraph at lines 31--34
\OT1/cmr/m/n/24.88 [draw=black,thick]
 []


Overfull \hbox (44.05383pt too wide) in paragraph at lines 31--34
\OT1/cmr/m/n/24.88 (0.5,
 []


Overfull \hbox (7.51096pt too wide) in paragraph at lines 31--34
\OT1/cmr/m/n/24.88 -
 []


Overfull \hbox (37.84271pt too wide) in paragraph at lines 31--34
\OT1/cmr/m/n/24.88 3.2)
 []


Overfull \hbox (45.35367pt too wide) in paragraph at lines 31--34
\OT1/cmr/m/n/24.88 rect-
 []


Overfull \hbox (31.63162pt too wide) in paragraph at lines 31--34
\OT1/cmr/m/n/24.88 an-
 []


Overfull \hbox (27.73213pt too wide) in paragraph at lines 31--34
\OT1/cmr/m/n/24.88 gle
 []


Overfull \hbox (123.92676pt too wide) in paragraph at lines 31--34
\OT1/cmr/m/n/24.88 ++(2.2,0.2);
 []


Overfull \hbox (132.44952pt too wide) in paragraph at lines 31--34
\OT1/cmr/m/n/24.88 [thick,dotted]
 []


Overfull \hbox (120.8072pt too wide) in paragraph at lines 31--34
\OT1/cmr/m/n/24.88 (nf2.south)--
 []


Overfull \hbox (115.4779pt too wide) in paragraph at lines 31--34
\OT1/cmr/m/n/24.88 (nf3.north); 
 []

! Undefined control sequence.
l.35 \node
           (nf4) at (1.5, -4.4)  {$z\!=\!g_\theta(w)\! \sim\! q_\phi(z;\eta)$};
The control sequence at the end of the top line
of your error message was never \def'ed. If you have
misspelled it (e.g., `\hobx'), type `I' and the correct
spelling (e.g., `I\hbox'). Otherwise just continue,
and I'll forget about whatever was undefined.


! LaTeX Error: Missing \begin{document}.

See the LaTeX manual or LaTeX Companion for explanation.
Type  H <return>  for immediate help.
 ...                                              
                                                  
l.35 \node (
            nf4) at (1.5, -4.4)  {$z\!=\!g_\theta(w)\! \sim\! q_\phi(z;\eta)$};

You're in trouble here.  Try typing  <return>  to proceed.
If that doesn't work, type  X <return>  to quit.

! Undefined control sequence.
l.36 \draw
          [thick,->] (nf3.south)--(nf4.north);
The control sequence at the end of the top line
of your error message was never \def'ed. If you have
misspelled it (e.g., `\hobx'), type `I' and the correct
spelling (e.g., `I\hbox'). Otherwise just continue,
and I'll forget about whatever was undefined.


Overfull \hbox (68.60323pt too wide) in paragraph at lines 35--37
[]\OT1/cmr/m/n/24.88 (nf4)
 []


Overfull \hbox (20.22118pt too wide) in paragraph at lines 35--37
\OT1/cmr/m/n/24.88 at
 []


Overfull \hbox (44.05383pt too wide) in paragraph at lines 35--37
\OT1/cmr/m/n/24.88 (1.5,
 []


Overfull \hbox (7.51096pt too wide) in paragraph at lines 35--37
\OT1/cmr/m/n/24.88 -
 []


Overfull \hbox (37.84271pt too wide) in paragraph at lines 35--37
\OT1/cmr/m/n/24.88 4.4)
 []


Overfull \hbox (33.09947pt too wide) in paragraph at lines 35--37
\OML/cmm/m/it/24.88 z  \OT1/cmr/m/n/24.88 =
 []


Overfull \hbox (82.01578pt too wide) in paragraph at lines 35--37
\OML/cmm/m/it/24.88 g[]\OT1/cmr/m/n/24.88 (\OML/cmm/m/it/24.88 w\OT1/cmr/m/n/24
.88 )  \OMS/cmsy/m/n/24.88 ^^X
 []


Overfull \hbox (85.24754pt too wide) in paragraph at lines 35--37
\OML/cmm/m/it/24.88 q[]\OT1/cmr/m/n/24.88 (\OML/cmm/m/it/24.88 z\OT1/cmr/m/n/24
.88 ; \OML/cmm/m/it/24.88 ^^Q\OT1/cmr/m/n/24.88 )$;
 []


Overfull \hbox (69.18633pt too wide) in paragraph at lines 35--37
\OT1/cmr/m/n/24.88 [thick,-
 []


Overfull \hbox (16.97163pt too wide) in paragraph at lines 35--37
\OT1/cmr/m/n/24.88 >]
 []


Overfull \hbox (120.8072pt too wide) in paragraph at lines 35--37
\OT1/cmr/m/n/24.88 (nf3.south)--
 []


Overfull \hbox (115.4779pt too wide) in paragraph at lines 35--37
\OT1/cmr/m/n/24.88 (nf4.north); 
 []

! Undefined control sequence.
l.39 \node
           (eta) at (5.6, -2.1) {$\eta$};
The control sequence at the end of the top line
of your error message was never \def'ed. If you have
misspelled it (e.g., `\hobx'), type `I' and the correct
spelling (e.g., `I\hbox'). Otherwise just continue,
and I'll forget about whatever was undefined.


! LaTeX Error: Missing \begin{document}.

See the LaTeX manual or LaTeX Companion for explanation.
Type  H <return>  for immediate help.
 ...                                              
                                                  
l.39 \node (
            eta) at (5.6, -2.1) {$\eta$};
You're in trouble here.  Try typing  <return>  to proceed.
If that doesn't work, type  X <return>  to quit.


Overfull \hbox (67.9533pt too wide) in paragraph at lines 39--40
[]\OT1/cmr/m/n/24.88 (eta)
 []


Overfull \hbox (20.22118pt too wide) in paragraph at lines 39--40
\OT1/cmr/m/n/24.88 at
 []


Overfull \hbox (44.05383pt too wide) in paragraph at lines 39--40
\OT1/cmr/m/n/24.88 (5.6,
 []


Overfull \hbox (7.51096pt too wide) in paragraph at lines 39--40
\OT1/cmr/m/n/24.88 -
 []


Overfull \hbox (37.84271pt too wide) in paragraph at lines 39--40
\OT1/cmr/m/n/24.88 2.1)
 []


Overfull \hbox (19.12326pt too wide) in paragraph at lines 39--40
\OML/cmm/m/it/24.88 ^^Q$\OT1/cmr/m/n/24.88 ; 
 []

! Undefined control sequence.
l.41 \node
           (te1) at (4.9, -2.1)  {};
The control sequence at the end of the top line
of your error message was never \def'ed. If you have
misspelled it (e.g., `\hobx'), type `I' and the correct
spelling (e.g., `I\hbox'). Otherwise just continue,
and I'll forget about whatever was undefined.


! LaTeX Error: Missing \begin{document}.

See the LaTeX manual or LaTeX Companion for explanation.
Type  H <return>  for immediate help.
 ...                                              
                                                  
l.41 \node (
            te1) at (4.9, -2.1)  {};
You're in trouble here.  Try typing  <return>  to proceed.
If that doesn't work, type  X <return>  to quit.

! Undefined control sequence.
l.42 \draw
          [draw=black,thick] (4.8, -3.2) rectangle ++(0.2,2.2);
The control sequence at the end of the top line
of your error message was never \def'ed. If you have
misspelled it (e.g., `\hobx'), type `I' and the correct
spelling (e.g., `I\hbox'). Otherwise just continue,
and I'll forget about whatever was undefined.

! Undefined control sequence.
l.43 \draw
          [thick,->] (eta)--(te1);
The control sequence at the end of the top line
of your error message was never \def'ed. If you have
misspelled it (e.g., `\hobx'), type `I' and the correct
spelling (e.g., `I\hbox'). Otherwise just continue,
and I'll forget about whatever was undefined.


Overfull \hbox (67.9533pt too wide) in paragraph at lines 41--44
[]\OT1/cmr/m/n/24.88 (te1)
 []


Overfull \hbox (20.22118pt too wide) in paragraph at lines 41--44
\OT1/cmr/m/n/24.88 at
 []


Overfull \hbox (44.05383pt too wide) in paragraph at lines 41--44
\OT1/cmr/m/n/24.88 (4.9,
 []


Overfull \hbox (7.51096pt too wide) in paragraph at lines 41--44
\OT1/cmr/m/n/24.88 -
 []


Overfull \hbox (37.84271pt too wide) in paragraph at lines 41--44
\OT1/cmr/m/n/24.88 2.1)
 []


Overfull \hbox (6.21112pt too wide) in paragraph at lines 41--44
\OT1/cmr/m/n/24.88 ;
 []


Overfull \hbox (186.54002pt too wide) in paragraph at lines 41--44
\OT1/cmr/m/n/24.88 [draw=black,thick]
 []


Overfull \hbox (44.05383pt too wide) in paragraph at lines 41--44
\OT1/cmr/m/n/24.88 (4.8,
 []


Overfull \hbox (7.51096pt too wide) in paragraph at lines 41--44
\OT1/cmr/m/n/24.88 -
 []


Overfull \hbox (37.84271pt too wide) in paragraph at lines 41--44
\OT1/cmr/m/n/24.88 3.2)
 []


Overfull \hbox (45.35367pt too wide) in paragraph at lines 41--44
\OT1/cmr/m/n/24.88 rect-
 []


Overfull \hbox (31.63162pt too wide) in paragraph at lines 41--44
\OT1/cmr/m/n/24.88 an-
 []


Overfull \hbox (27.73213pt too wide) in paragraph at lines 41--44
\OT1/cmr/m/n/24.88 gle
 []


Overfull \hbox (123.92676pt too wide) in paragraph at lines 41--44
\OT1/cmr/m/n/24.88 ++(0.2,2.2);
 []


Overfull \hbox (69.18633pt too wide) in paragraph at lines 41--44
\OT1/cmr/m/n/24.88 [thick,-
 []


Overfull \hbox (16.97163pt too wide) in paragraph at lines 41--44
\OT1/cmr/m/n/24.88 >]
 []


Overfull \hbox (59.36371pt too wide) in paragraph at lines 41--44
\OT1/cmr/m/n/24.88 (eta)--
 []


Overfull \hbox (54.16441pt too wide) in paragraph at lines 41--44
\OT1/cmr/m/n/24.88 (te1); 
 []


Underfull \vbox (badness 10000) has occurred while \output is active []



! LaTeX Error: The font size command \normalsize is not defined:
               there is probably something wrong with the class file.

See the LaTeX manual or LaTeX Companion for explanation.
Type  H <return>  for immediate help.
 ...                                              
                                                  
l.44 
     
Your command was ignored.
Type  I <command> <return>  to replace it with another command,
or  <return>  to continue without it.

[2]
! Undefined control sequence.
l.45 \node
           (te2) at (4.3, -2.1)  {};
The control sequence at the end of the top line
of your error message was never \def'ed. If you have
misspelled it (e.g., `\hobx'), type `I' and the correct
spelling (e.g., `I\hbox'). Otherwise just continue,
and I'll forget about whatever was undefined.


! LaTeX Error: Missing \begin{document}.

See the LaTeX manual or LaTeX Companion for explanation.
Type  H <return>  for immediate help.
 ...                                              
                                                  
l.45 \node (
            te2) at (4.3, -2.1)  {};
You're in trouble here.  Try typing  <return>  to proceed.
If that doesn't work, type  X <return>  to quit.

! Undefined control sequence.
l.46 \draw
          [draw=black,thick] (4.2, -3.2) rectangle ++(0.2,2.2);
The control sequence at the end of the top line
of your error message was never \def'ed. If you have
misspelled it (e.g., `\hobx'), type `I' and the correct
spelling (e.g., `I\hbox'). Otherwise just continue,
and I'll forget about whatever was undefined.

! Undefined control sequence.
l.47 \draw
          [thick,->] (te1)--(te2);
The control sequence at the end of the top line
of your error message was never \def'ed. If you have
misspelled it (e.g., `\hobx'), type `I' and the correct
spelling (e.g., `I\hbox'). Otherwise just continue,
and I'll forget about whatever was undefined.


Overfull \hbox (67.9533pt too wide) in paragraph at lines 45--48
[]\OT1/cmr/m/n/24.88 (te2)
 []


Overfull \hbox (20.22118pt too wide) in paragraph at lines 45--48
\OT1/cmr/m/n/24.88 at
 []


Overfull \hbox (44.05383pt too wide) in paragraph at lines 45--48
\OT1/cmr/m/n/24.88 (4.3,
 []


Overfull \hbox (7.51096pt too wide) in paragraph at lines 45--48
\OT1/cmr/m/n/24.88 -
 []


Overfull \hbox (37.84271pt too wide) in paragraph at lines 45--48
\OT1/cmr/m/n/24.88 2.1)
 []


Overfull \hbox (6.21112pt too wide) in paragraph at lines 45--48
\OT1/cmr/m/n/24.88 ;
 []


Overfull \hbox (186.54002pt too wide) in paragraph at lines 45--48
\OT1/cmr/m/n/24.88 [draw=black,thick]
 []


Overfull \hbox (44.05383pt too wide) in paragraph at lines 45--48
\OT1/cmr/m/n/24.88 (4.2,
 []


Overfull \hbox (7.51096pt too wide) in paragraph at lines 45--48
\OT1/cmr/m/n/24.88 -
 []


Overfull \hbox (37.84271pt too wide) in paragraph at lines 45--48
\OT1/cmr/m/n/24.88 3.2)
 []


Overfull \hbox (45.35367pt too wide) in paragraph at lines 45--48
\OT1/cmr/m/n/24.88 rect-
 []


Overfull \hbox (31.63162pt too wide) in paragraph at lines 45--48
\OT1/cmr/m/n/24.88 an-
 []


Overfull \hbox (27.73213pt too wide) in paragraph at lines 45--48
\OT1/cmr/m/n/24.88 gle
 []


Overfull \hbox (123.92676pt too wide) in paragraph at lines 45--48
\OT1/cmr/m/n/24.88 ++(0.2,2.2);
 []


Overfull \hbox (69.18633pt too wide) in paragraph at lines 45--48
\OT1/cmr/m/n/24.88 [thick,-
 []


Overfull \hbox (16.97163pt too wide) in paragraph at lines 45--48
\OT1/cmr/m/n/24.88 >]
 []


Overfull \hbox (59.36371pt too wide) in paragraph at lines 45--48
\OT1/cmr/m/n/24.88 (te1)--
 []


Overfull \hbox (54.16441pt too wide) in paragraph at lines 45--48
\OT1/cmr/m/n/24.88 (te2); 
 []

! Undefined control sequence.
l.49 \node
           (te3) at (3.7, -2.1)  {};
The control sequence at the end of the top line
of your error message was never \def'ed. If you have
misspelled it (e.g., `\hobx'), type `I' and the correct
spelling (e.g., `I\hbox'). Otherwise just continue,
and I'll forget about whatever was undefined.


! LaTeX Error: Missing \begin{document}.

See the LaTeX manual or LaTeX Companion for explanation.
Type  H <return>  for immediate help.
 ...                                              
                                                  
l.49 \node (
            te3) at (3.7, -2.1)  {};
You're in trouble here.  Try typing  <return>  to proceed.
If that doesn't work, type  X <return>  to quit.

! Undefined control sequence.
l.50 \draw
          [draw=black,thick] (3.6, -3.2) rectangle ++(0.2,2.2);
The control sequence at the end of the top line
of your error message was never \def'ed. If you have
misspelled it (e.g., `\hobx'), type `I' and the correct
spelling (e.g., `I\hbox'). Otherwise just continue,
and I'll forget about whatever was undefined.

! Undefined control sequence.
l.51 \draw
          [thick,dotted] (te2)--(te3);
The control sequence at the end of the top line
of your error message was never \def'ed. If you have
misspelled it (e.g., `\hobx'), type `I' and the correct
spelling (e.g., `I\hbox'). Otherwise just continue,
and I'll forget about whatever was undefined.


Overfull \hbox (67.9533pt too wide) in paragraph at lines 49--52
[]\OT1/cmr/m/n/24.88 (te3)
 []


Overfull \hbox (20.22118pt too wide) in paragraph at lines 49--52
\OT1/cmr/m/n/24.88 at
 []


Overfull \hbox (44.05383pt too wide) in paragraph at lines 49--52
\OT1/cmr/m/n/24.88 (3.7,
 []


Overfull \hbox (7.51096pt too wide) in paragraph at lines 49--52
\OT1/cmr/m/n/24.88 -
 []


Overfull \hbox (37.84271pt too wide) in paragraph at lines 49--52
\OT1/cmr/m/n/24.88 2.1)
 []


Overfull \hbox (6.21112pt too wide) in paragraph at lines 49--52
\OT1/cmr/m/n/24.88 ;
 []


Overfull \hbox (186.54002pt too wide) in paragraph at lines 49--52
\OT1/cmr/m/n/24.88 [draw=black,thick]
 []


Overfull \hbox (44.05383pt too wide) in paragraph at lines 49--52
\OT1/cmr/m/n/24.88 (3.6,
 []


Overfull \hbox (7.51096pt too wide) in paragraph at lines 49--52
\OT1/cmr/m/n/24.88 -
 []


Overfull \hbox (37.84271pt too wide) in paragraph at lines 49--52
\OT1/cmr/m/n/24.88 3.2)
 []


Overfull \hbox (45.35367pt too wide) in paragraph at lines 49--52
\OT1/cmr/m/n/24.88 rect-
 []


Overfull \hbox (31.63162pt too wide) in paragraph at lines 49--52
\OT1/cmr/m/n/24.88 an-
 []


Overfull \hbox (27.73213pt too wide) in paragraph at lines 49--52
\OT1/cmr/m/n/24.88 gle
 []


Overfull \hbox (123.92676pt too wide) in paragraph at lines 49--52
\OT1/cmr/m/n/24.88 ++(0.2,2.2);
 []


Overfull \hbox (132.44952pt too wide) in paragraph at lines 49--52
\OT1/cmr/m/n/24.88 [thick,dotted]
 []


Overfull \hbox (59.36371pt too wide) in paragraph at lines 49--52
\OT1/cmr/m/n/24.88 (te2)--
 []


Overfull \hbox (54.16441pt too wide) in paragraph at lines 49--52
\OT1/cmr/m/n/24.88 (te3); 
 []

! Undefined control sequence.
l.55 \node
           (nf1r) at (2.6, -1.1)  {};
The control sequence at the end of the top line
of your error message was never \def'ed. If you have
misspelled it (e.g., `\hobx'), type `I' and the correct
spelling (e.g., `I\hbox'). Otherwise just continue,
and I'll forget about whatever was undefined.


! LaTeX Error: Missing \begin{document}.

See the LaTeX manual or LaTeX Companion for explanation.
Type  H <return>  for immediate help.
 ...                                              
                                                  
l.55 \node (
            nf1r) at (2.6, -1.1)  {};
You're in trouble here.  Try typing  <return>  to proceed.
If that doesn't work, type  X <return>  to quit.

! Undefined control sequence.
l.56 \node
           (nf2r) at (2.6, -2.1)  {};
The control sequence at the end of the top line
of your error message was never \def'ed. If you have
misspelled it (e.g., `\hobx'), type `I' and the correct
spelling (e.g., `I\hbox'). Otherwise just continue,
and I'll forget about whatever was undefined.

! Undefined control sequence.
l.57 \node
           (nf3r) at (2.6, -3.1)  {};
The control sequence at the end of the top line
of your error message was never \def'ed. If you have
misspelled it (e.g., `\hobx'), type `I' and the correct
spelling (e.g., `I\hbox'). Otherwise just continue,
and I'll forget about whatever was undefined.

! Undefined control sequence.
l.58 \draw
          [thick,->] (te3)--(nf1r);
The control sequence at the end of the top line
of your error message was never \def'ed. If you have
misspelled it (e.g., `\hobx'), type `I' and the correct
spelling (e.g., `I\hbox'). Otherwise just continue,
and I'll forget about whatever was undefined.

! Undefined control sequence.
l.59 \draw
          [thick,->] (te3)--(nf2r);
The control sequence at the end of the top line
of your error message was never \def'ed. If you have
misspelled it (e.g., `\hobx'), type `I' and the correct
spelling (e.g., `I\hbox'). Otherwise just continue,
and I'll forget about whatever was undefined.

! Undefined control sequence.
l.60 \draw
          [thick,->] (te3)--(nf3r);
The control sequence at the end of the top line
of your error message was never \def'ed. If you have
misspelled it (e.g., `\hobx'), type `I' and the correct
spelling (e.g., `I\hbox'). Otherwise just continue,
and I'll forget about whatever was undefined.


Overfull \hbox (77.41399pt too wide) in paragraph at lines 55--61
[]\OT1/cmr/m/n/24.88 (nf1r)
 []


Overfull \hbox (20.22118pt too wide) in paragraph at lines 55--61
\OT1/cmr/m/n/24.88 at
 []


Overfull \hbox (44.05383pt too wide) in paragraph at lines 55--61
\OT1/cmr/m/n/24.88 (2.6,
 []


Overfull \hbox (7.51096pt too wide) in paragraph at lines 55--61
\OT1/cmr/m/n/24.88 -
 []


Overfull \hbox (37.84271pt too wide) in paragraph at lines 55--61
\OT1/cmr/m/n/24.88 1.1)
 []


Overfull \hbox (6.21112pt too wide) in paragraph at lines 55--61
\OT1/cmr/m/n/24.88 ;
 []


Overfull \hbox (57.41399pt too wide) in paragraph at lines 55--61
\OT1/cmr/m/n/24.88 (nf2r)
 []


Overfull \hbox (20.22118pt too wide) in paragraph at lines 55--61
\OT1/cmr/m/n/24.88 at
 []


Overfull \hbox (44.05383pt too wide) in paragraph at lines 55--61
\OT1/cmr/m/n/24.88 (2.6,
 []


Overfull \hbox (7.51096pt too wide) in paragraph at lines 55--61
\OT1/cmr/m/n/24.88 -
 []


Overfull \hbox (37.84271pt too wide) in paragraph at lines 55--61
\OT1/cmr/m/n/24.88 2.1)
 []


Overfull \hbox (6.21112pt too wide) in paragraph at lines 55--61
\OT1/cmr/m/n/24.88 ;
 []


Overfull \hbox (57.41399pt too wide) in paragraph at lines 55--61
\OT1/cmr/m/n/24.88 (nf3r)
 []


Overfull \hbox (20.22118pt too wide) in paragraph at lines 55--61
\OT1/cmr/m/n/24.88 at
 []


Overfull \hbox (44.05383pt too wide) in paragraph at lines 55--61
\OT1/cmr/m/n/24.88 (2.6,
 []


Overfull \hbox (7.51096pt too wide) in paragraph at lines 55--61
\OT1/cmr/m/n/24.88 -
 []


Overfull \hbox (37.84271pt too wide) in paragraph at lines 55--61
\OT1/cmr/m/n/24.88 3.1)
 []


Overfull \hbox (6.21112pt too wide) in paragraph at lines 55--61
\OT1/cmr/m/n/24.88 ;
 []


Overfull \hbox (69.18633pt too wide) in paragraph at lines 55--61
\OT1/cmr/m/n/24.88 [thick,-
 []


Overfull \hbox (16.97163pt too wide) in paragraph at lines 55--61
\OT1/cmr/m/n/24.88 >]
 []


Overfull \hbox (59.36371pt too wide) in paragraph at lines 55--61
\OT1/cmr/m/n/24.88 (te3)--
 []


Overfull \hbox (63.6251pt too wide) in paragraph at lines 55--61
\OT1/cmr/m/n/24.88 (nf1r);
 []


Overfull \hbox (69.18633pt too wide) in paragraph at lines 55--61
\OT1/cmr/m/n/24.88 [thick,-
 []


Overfull \hbox (16.97163pt too wide) in paragraph at lines 55--61
\OT1/cmr/m/n/24.88 >]
 []


Overfull \hbox (59.36371pt too wide) in paragraph at lines 55--61
\OT1/cmr/m/n/24.88 (te3)--
 []


Overfull \hbox (63.6251pt too wide) in paragraph at lines 55--61
\OT1/cmr/m/n/24.88 (nf2r);
 []


Overfull \hbox (69.18633pt too wide) in paragraph at lines 55--61
\OT1/cmr/m/n/24.88 [thick,-
 []


Overfull \hbox (16.97163pt too wide) in paragraph at lines 55--61
\OT1/cmr/m/n/24.88 >]
 []


Overfull \hbox (59.36371pt too wide) in paragraph at lines 55--61
\OT1/cmr/m/n/24.88 (te3)--
 []


Overfull \hbox (63.6251pt too wide) in paragraph at lines 55--61
\OT1/cmr/m/n/24.88 (nf3r); 
 []

! Undefined control sequence.
l.62 \node
           (tpe) at (2.3, -2.5) {$\theta\! =\! f_{\phi} (\eta)$};
The control sequence at the end of the top line
of your error message was never \def'ed. If you have
misspelled it (e.g., `\hobx'), type `I' and the correct
spelling (e.g., `I\hbox'). Otherwise just continue,
and I'll forget about whatever was undefined.


! LaTeX Error: Missing \begin{document}.

See the LaTeX manual or LaTeX Companion for explanation.
Type  H <return>  for immediate help.
 ...                                              
                                                  
l.62 \node (
            tpe) at (2.3, -2.5) {$\theta\! =\! f_{\phi} (\eta)$};
You're in trouble here.  Try typing  <return>  to proceed.
If that doesn't work, type  X <return>  to quit.

! Undefined control sequence.
l.63 \node
           (phi) at (4.3, -3.5) {$\phi$};
The control sequence at the end of the top line
of your error message was never \def'ed. If you have
misspelled it (e.g., `\hobx'), type `I' and the correct
spelling (e.g., `I\hbox'). Otherwise just continue,
and I'll forget about whatever was undefined.


Overfull \hbox (69.90305pt too wide) in paragraph at lines 62--64
[]\OT1/cmr/m/n/24.88 (tpe)
 []


Overfull \hbox (20.22118pt too wide) in paragraph at lines 62--64
\OT1/cmr/m/n/24.88 at
 []


Overfull \hbox (44.05383pt too wide) in paragraph at lines 62--64
\OT1/cmr/m/n/24.88 (2.3,
 []


Overfull \hbox (7.51096pt too wide) in paragraph at lines 62--64
\OT1/cmr/m/n/24.88 -
 []


Overfull \hbox (37.84271pt too wide) in paragraph at lines 62--64
\OT1/cmr/m/n/24.88 2.5)
 []


Overfull \hbox (32.70348pt too wide) in paragraph at lines 62--64
\OML/cmm/m/it/24.88 ^^R  \OT1/cmr/m/n/24.88 =
 []


Overfull \hbox (63.67087pt too wide) in paragraph at lines 62--64
\OML/cmm/m/it/24.88 f[]\OT1/cmr/m/n/24.88 (\OML/cmm/m/it/24.88 ^^Q\OT1/cmr/m/n/
24.88 )$;
 []


Overfull \hbox (49.25314pt too wide) in paragraph at lines 62--64
\OT1/cmr/m/n/24.88 (phi)
 []


Overfull \hbox (20.22118pt too wide) in paragraph at lines 62--64
\OT1/cmr/m/n/24.88 at
 []


Overfull \hbox (44.05383pt too wide) in paragraph at lines 62--64
\OT1/cmr/m/n/24.88 (4.3,
 []


Overfull \hbox (7.51096pt too wide) in paragraph at lines 62--64
\OT1/cmr/m/n/24.88 -
 []


Overfull \hbox (37.84271pt too wide) in paragraph at lines 62--64
\OT1/cmr/m/n/24.88 3.5)
 []


Overfull \hbox (20.62924pt too wide) in paragraph at lines 62--64
\OML/cmm/m/it/24.88 ^^^$\OT1/cmr/m/n/24.88 ; 
 []


Underfull \vbox (badness 10000) has occurred while \output is active []



! LaTeX Error: The font size command \normalsize is not defined:
               there is probably something wrong with the class file.

See the LaTeX manual or LaTeX Companion for explanation.
Type  H <return>  for immediate help.
 ...                                              
                                                  
l.64 
     
Your command was ignored.
Type  I <command> <return>  to replace it with another command,
or  <return>  to continue without it.

[3]

! LaTeX Error: \begin{document} ended by \end{tikzpicture}.

See the LaTeX manual or LaTeX Companion for explanation.
Type  H <return>  for immediate help.
 ...                                              
                                                  
l.66 \end{tikzpicture}
                      
Your command was ignored.
Type  I <command> <return>  to replace it with another command,
or  <return>  to continue without it.

)
! Emergency stop.
<*> fig1c.tex
             
*** (job aborted, no legal \end found)

 
Here is how much of TeX's memory you used:
 38 strings out of 493014
 508 string characters out of 6133351
 56601 words of memory out of 5000000
 3677 multiletter control sequences out of 15000+600000
 4554 words of font info for 17 fonts, out of 8000000 for 9000
 1141 hyphenation exceptions out of 8191
 19i,4n,11p,173b,82s stack positions out of 5000i,500n,10000p,200000b,80000s
!  ==> Fatal error occurred, no output PDF file produced!
